#
# A fatal error has been detected by the Java Runtime Environment:
#
#  EXCEPTION_ACCESS_VIOLATION (0xc0000005) at pc=0x0000000053ebe69e, pid=22160, tid=0x00000000000052dc
#
# JRE version: Java(TM) SE Runtime Environment (8.0_301-b09) (build 1.8.0_301-b09)
# Java VM: Java HotSpot(TM) 64-Bit Server VM (25.301-b09 mixed mode windows-amd64 compressed oops)
# Problematic frame:
# V  [jvm.dll+0x3ce69e]
#
# Failed to write core dump. Minidumps are not enabled by default on client versions of Windows
#
# If you would like to submit a bug report, please visit:
#   http://bugreport.java.com/bugreport/crash.jsp
#

---------------  T H R E A D  ---------------

Current thread (0x00000252f9324800):  VMThread [stack: 0x0000009a87c00000,0x0000009a87d00000] [id=21212]

siginfo: ExceptionCode=0xc0000005, reading address 0xffffffffffffffff

Registers:
RAX=0x00000252f7ec0000, RBX=0x0000000000000004, RCX=0x00000000542d8060, RDX=0x0000000000000048
RSP=0x0000009a87cff0c0, RBP=0x0000000000000048, RSI=0x0000000000000009, RDI=0x0000000000010000
R8 =0x00009ffffffc02d4, R9 =0x0000000000000000, R10=0x0000000000000000, R11=0x0000025280000000
R12=0x0000000000000008, R13=0x00000000542d8060, R14=0x0000000000000000, R15=0x00000000542d7e30
RIP=0x0000000053ebe69e, EFLAGS=0x0000000000010212

Top of Stack: (sp=0x0000009a87cff0c0)
0x0000009a87cff0c0:   0000000000000000 0000000661e00000
0x0000009a87cff0d0:   0000000000000009 0000000053c0a7d4
0x0000009a87cff0e0:   000000066240f8c0 00000000542d7e30
0x0000009a87cff0f0:   0000000000000009 0000000000000001
0x0000009a87cff100:   0000000000000000 00000000ffffffff
0x0000009a87cff110:   0000000000000008 0000000662480030
0x0000009a87cff120:   0000000000000000 0000000053c12ac4
0x0000009a87cff130:   0000000661e00000 0000000000000048
0x0000009a87cff140:   0000000000000007 00000252f7ec0000
0x0000009a87cff150:   00000252e5ef3e00 0000000053ebedef
0x0000009a87cff160:   00000252f7ec01e0 00000252e5f01be0
0x0000009a87cff170:   00000252f7ec0370 0000000000000000
0x0000009a87cff180:   0000000054283110 0000000600000001
0x0000009a87cff190:   0000000000000008 00000000542d7f90
0x0000009a87cff1a0:   00000252fc0b1710 000000005410b970
0x0000009a87cff1b0:   0000000054280100 0000000054283110 

Instructions: (pc=0x0000000053ebe69e)
0x0000000053ebe67e:   83 ec 40 48 8b c2 bf 00 00 01 00 48 2b 01 48 8b
0x0000000053ebe68e:   ea 48 c1 e8 13 4c 8b e9 4c 8d 04 80 48 8b 41 18
0x0000000053ebe69e:   4e 8b 34 c0 4e 8d 24 c0 46 8b 44 c0 1c 41 8b 44
0x0000000053ebe6ae:   24 18 41 81 e0 ff ff ff 07 4c 03 c0 4c 89 a4 24 


Register to memory mapping:

RAX=0x00000252f7ec0000 is an unknown value
RBX=0x0000000000000004 is an unknown value
RCX=0x00000000542d8060 is an unknown value
RDX=0x0000000000000048 is an unknown value
RSP=0x0000009a87cff0c0 is an unknown value
RBP=0x0000000000000048 is an unknown value
RSI=0x0000000000000009 is an unknown value
RDI=0x0000000000010000 is an unknown value
R8 =0x00009ffffffc02d4 is an unknown value
R9 =0x0000000000000000 is an unknown value
R10=0x0000000000000000 is an unknown value
R11=0x0000025280000000 is an unknown value
R12=0x0000000000000008 is an unknown value
R13=0x00000000542d8060 is an unknown value
R14=0x0000000000000000 is an unknown value
R15=0x00000000542d7e30 is an unknown value


Stack: [0x0000009a87c00000,0x0000009a87d00000],  sp=0x0000009a87cff0c0,  free space=1020k
Native frames: (J=compiled Java code, j=interpreted, Vv=VM code, C=native code)
V  [jvm.dll+0x3ce69e]
V  [jvm.dll+0x122ac4]
V  [jvm.dll+0x3cedef]
V  [jvm.dll+0x3d1016]
V  [jvm.dll+0x3d093b]
V  [jvm.dll+0xb6de4]
V  [jvm.dll+0x289459]
V  [jvm.dll+0x245b57]
V  [jvm.dll+0x2442c5]
V  [jvm.dll+0x244a3c]
V  [jvm.dll+0x244d4c]
V  [jvm.dll+0x2923dc]
C  [ucrtbase.dll+0x29363]
C  [KERNEL32.DLL+0x1269d]
C  [ntdll.dll+0x5a9f8]

VM_Operation (0x0000009a88bf8c50): CollectForMetadataAllocation, mode: safepoint, requested by thread 0x00000252fbc1b800


---------------  P R O C E S S  ---------------

Java Threads: ( => current thread )
  0x00000252fb6f2800 JavaThread "Prism Font Disposer" daemon [_thread_blocked, id=17484, stack(0x0000009a89600000,0x0000009a89700000)]
  0x00000252fb6f1800 JavaThread "Abandoned connection cleanup thread" daemon [_thread_blocked, id=9840, stack(0x0000009a89400000,0x0000009a89500000)]
  0x00000252fbdd9800 JavaThread "Thread-3" daemon [_thread_blocked, id=7208, stack(0x0000009a89200000,0x0000009a89300000)]
  0x00000252fbdf0000 JavaThread "JavaFX-Launcher" [_thread_blocked, id=13240, stack(0x0000009a89300000,0x0000009a89400000)]
  0x00000252fbc1b800 JavaThread "JavaFX Application Thread" [_thread_blocked, id=22116, stack(0x0000009a88b00000,0x0000009a88c00000)]
  0x00000252fbc0a000 JavaThread "Thread-1" daemon [_thread_blocked, id=20076, stack(0x0000009a88a00000,0x0000009a88b00000)]
  0x00000252fb748000 JavaThread "QuantumRenderer-0" daemon [_thread_blocked, id=9712, stack(0x0000009a88700000,0x0000009a88800000)]
  0x00000252fb378800 JavaThread "Service Thread" daemon [_thread_blocked, id=1548, stack(0x0000009a88500000,0x0000009a88600000)]
  0x00000252f9f55000 JavaThread "C1 CompilerThread3" daemon [_thread_blocked, id=18920, stack(0x0000009a88400000,0x0000009a88500000)]
  0x00000252f9f4c000 JavaThread "C2 CompilerThread2" daemon [_thread_blocked, id=9568, stack(0x0000009a88300000,0x0000009a88400000)]
  0x00000252f9f4b000 JavaThread "C2 CompilerThread1" daemon [_thread_blocked, id=15300, stack(0x0000009a88200000,0x0000009a88300000)]
  0x00000252f9f47800 JavaThread "C2 CompilerThread0" daemon [_thread_blocked, id=4768, stack(0x0000009a88100000,0x0000009a88200000)]
  0x00000252f9f44800 JavaThread "Attach Listener" daemon [_thread_blocked, id=7040, stack(0x0000009a88000000,0x0000009a88100000)]
  0x00000252f9f44000 JavaThread "Signal Dispatcher" daemon [_thread_blocked, id=14272, stack(0x0000009a87f00000,0x0000009a88000000)]
  0x00000252f9f1b000 JavaThread "Finalizer" daemon [_thread_blocked, id=13972, stack(0x0000009a87e00000,0x0000009a87f00000)]
  0x00000252f9f1a000 JavaThread "Reference Handler" daemon [_thread_blocked, id=13768, stack(0x0000009a87d00000,0x0000009a87e00000)]
  0x00000252e5ee0000 JavaThread "main" [_thread_blocked, id=8680, stack(0x0000009a87300000,0x0000009a87400000)]

Other Threads:
=>0x00000252f9324800 VMThread [stack: 0x0000009a87c00000,0x0000009a87d00000] [id=21212]
  0x00000252f9fce800 WatcherThread [stack: 0x0000009a88600000,0x0000009a88700000] [id=14464]

VM state:at safepoint (normal execution)

VM Mutex/Monitor currently owned by a thread:  ([mutex/lock_event])
[0x00000252e5eddcb0] Threads_lock - owner thread: 0x00000252f9324800
[0x00000252e5edf3b0] Heap_lock - owner thread: 0x00000252fbc1b800

heap address: 0x0000000661e00000, size: 5602 MB, Compressed Oops mode: Zero based, Oop shift amount: 3
Narrow klass base: 0x0000000000000000, Narrow klass shift: 3
Compressed class space size: 1073741824 Address: 0x00000007c0000000

Heap:
 PSYoungGen      total 104960K, used 11085K [0x000000074b500000, 0x0000000752a00000, 0x00000007c0000000)
  eden space 90112K, 0% used [0x000000074b500000,0x000000074b500000,0x0000000750d00000)
  from space 14848K, 74% used [0x0000000750d00000,0x00000007517d3628,0x0000000751b80000)
  to   space 14848K, 0% used [0x0000000751b80000,0x0000000751b80000,0x0000000752a00000)
 ParOldGen       total 240640K, used 88K [0x0000000661e00000, 0x0000000670900000, 0x000000074b500000)
  object space 240640K, 0% used [0x0000000661e00000,0x0000000661e16010,0x0000000670900000)
 Metaspace       used 20226K, capacity 21200K, committed 21248K, reserved 1067008K
  class space    used 2816K, capacity 3034K, committed 3072K, reserved 1048576K

Card table byte_map: [0x00000252f6c70000,0x00000252f7770000] byte_map_base: 0x00000252f3961000

Marking Bits: (ParMarkBitMap*) 0x00000000542d7fe0
 Begin Bits: [0x0000025280000000, 0x0000025285788000)
 End Bits:   [0x0000025285788000, 0x000002528af10000)

Polling page: 0x00000252e7880000

CodeCache: size=245760Kb used=5344Kb max_used=5344Kb free=240415Kb
 bounds [0x00000252e78b0000, 0x00000252e7df0000, 0x00000252f68b0000]
 total_blobs=2245 nmethods=1556 adapters=602
 compilation: enabled

Compilation events (10 events):
Event: 1.651 Thread 0x00000252f9f55000 nmethod 1550 0x00000252e7de89d0 code [0x00000252e7de8b20, 0x00000252e7de8c38]
Event: 1.651 Thread 0x00000252f9f55000 1554  s    3       javafx.scene.text.Font::getDefault (26 bytes)
Event: 1.652 Thread 0x00000252f9f55000 nmethod 1554 0x00000252e7de8c90 code [0x00000252e7de8e60, 0x00000252e7de94c0]
Event: 1.652 Thread 0x00000252f9f55000 1555       3       com.sun.javafx.css.CalculatedValue::<init> (20 bytes)
Event: 1.652 Thread 0x00000252f9f55000 nmethod 1555 0x00000252e7de96d0 code [0x00000252e7de9820, 0x00000252e7de9a18]
Event: 1.652 Thread 0x00000252f9f55000 1556       3       sun.util.logging.PlatformLogger::isLoggable (38 bytes)
Event: 1.653 Thread 0x00000252f9f55000 nmethod 1556 0x00000252e7de9ad0 code [0x00000252e7de9c60, 0x00000252e7dea070]
Event: 1.653 Thread 0x00000252f9f55000 1558       3       com.sun.javafx.css.BitSet::retainAll (318 bytes)
Event: 1.654 Thread 0x00000252f9f55000 nmethod 1558 0x00000252e7dea1d0 code [0x00000252e7dea420, 0x00000252e7deb5e0]
Event: 1.654 Thread 0x00000252f9f55000 1560       3       com.sun.javafx.collections.ObservableListWrapper::<init> (15 bytes)

GC Heap History (3 events):
Event: 1.654 GC heap before
{Heap before GC invocations=1 (full 0):
 PSYoungGen      total 104960K, used 55615K [0x000000074b500000, 0x0000000752a00000, 0x00000007c0000000)
  eden space 90112K, 61% used [0x000000074b500000,0x000000074eb4fdc0,0x0000000750d00000)
  from space 14848K, 0% used [0x0000000751b80000,0x0000000751b80000,0x0000000752a00000)
  to   space 14848K, 0% used [0x0000000750d00000,0x0000000750d00000,0x0000000751b80000)
 ParOldGen       total 240640K, used 0K [0x0000000661e00000, 0x0000000670900000, 0x000000074b500000)
  object space 240640K, 0% used [0x0000000661e00000,0x0000000661e00000,0x0000000670900000)
 Metaspace       used 20226K, capacity 21200K, committed 21248K, reserved 1067008K
  class space    used 2816K, capacity 3034K, committed 3072K, reserved 1048576K
Event: 1.661 GC heap after
Heap after GC invocations=1 (full 0):
 PSYoungGen      total 104960K, used 11085K [0x000000074b500000, 0x0000000752a00000, 0x00000007c0000000)
  eden space 90112K, 0% used [0x000000074b500000,0x000000074b500000,0x0000000750d00000)
  from space 14848K, 74% used [0x0000000750d00000,0x00000007517d3628,0x0000000751b80000)
  to   space 14848K, 0% used [0x0000000751b80000,0x0000000751b80000,0x0000000752a00000)
 ParOldGen       total 240640K, used 88K [0x0000000661e00000, 0x0000000670900000, 0x000000074b500000)
  object space 240640K, 0% used [0x0000000661e00000,0x0000000661e16010,0x0000000670900000)
 Metaspace       used 20226K, capacity 21200K, committed 21248K, reserved 1067008K
  class space    used 2816K, capacity 3034K, committed 3072K, reserved 1048576K
}
Event: 1.661 GC heap before
{Heap before GC invocations=2 (full 1):
 PSYoungGen      total 104960K, used 11085K [0x000000074b500000, 0x0000000752a00000, 0x00000007c0000000)
  eden space 90112K, 0% used [0x000000074b500000,0x000000074b500000,0x0000000750d00000)
  from space 14848K, 74% used [0x0000000750d00000,0x00000007517d3628,0x0000000751b80000)
  to   space 14848K, 0% used [0x0000000751b80000,0x0000000751b80000,0x0000000752a00000)
 ParOldGen       total 240640K, used 88K [0x0000000661e00000, 0x0000000670900000, 0x000000074b500000)
  object space 240640K, 0% used [0x0000000661e00000,0x0000000661e16010,0x0000000670900000)
 Metaspace       used 20226K, capacity 21200K, committed 21248K, reserved 1067008K
  class space    used 2816K, capacity 3034K, committed 3072K, reserved 1048576K

Deoptimization events (10 events):
Event: 1.487 Thread 0x00000252fbc1b800 Uncommon trap: reason=speculate_class_check action=maybe_recompile pc=0x00000252e7d14754 method=com.sun.javafx.css.BitSet.containsAll(Ljava/util/Collection;)Z @ 18
Event: 1.487 Thread 0x00000252fbc1b800 Uncommon trap: reason=speculate_class_check action=maybe_recompile pc=0x00000252e7d14754 method=com.sun.javafx.css.BitSet.containsAll(Ljava/util/Collection;)Z @ 18
Event: 1.487 Thread 0x00000252fbc1b800 Uncommon trap: reason=class_check action=maybe_recompile pc=0x00000252e7a3a190 method=java.lang.String.equals(Ljava/lang/Object;)Z @ 8
Event: 1.487 Thread 0x00000252fbc1b800 Uncommon trap: reason=class_check action=maybe_recompile pc=0x00000252e7a3a190 method=java.lang.String.equals(Ljava/lang/Object;)Z @ 8
Event: 1.487 Thread 0x00000252fbc1b800 Uncommon trap: reason=class_check action=maybe_recompile pc=0x00000252e7a3a190 method=java.lang.String.equals(Ljava/lang/Object;)Z @ 8
Event: 1.488 Thread 0x00000252fbc1b800 Uncommon trap: reason=speculate_class_check action=maybe_recompile pc=0x00000252e7d14754 method=com.sun.javafx.css.BitSet.containsAll(Ljava/util/Collection;)Z @ 18
Event: 1.488 Thread 0x00000252fbc1b800 Uncommon trap: reason=speculate_class_check action=maybe_recompile pc=0x00000252e7d14754 method=com.sun.javafx.css.BitSet.containsAll(Ljava/util/Collection;)Z @ 18
Event: 1.491 Thread 0x00000252fbc1b800 Uncommon trap: reason=class_check action=maybe_recompile pc=0x00000252e7a3a190 method=java.lang.String.equals(Ljava/lang/Object;)Z @ 8
Event: 1.533 Thread 0x00000252fbc1b800 Uncommon trap: reason=unstable_if action=reinterpret pc=0x00000252e7c27934 method=java.lang.String.regionMatches(ZILjava/lang/String;II)Z @ 123
Event: 1.645 Thread 0x00000252fbc1b800 Uncommon trap: reason=unstable_if action=reinterpret pc=0x00000252e7da5950 method=java.util.HashMap.isEmpty()Z @ 4

Classes redefined (0 events):
No events

Internal exceptions (10 events):
Event: 0.975 Thread 0x00000252fbc1b800 Exception <a 'java/lang/ArrayIndexOutOfBoundsException': 86> (0x000000074cee5390) thrown at [C:\jenkins\workspace\8-2-build-windows-amd64-cygwin\jdk8u301\1513\hotspot\src\share\vm\interpreter\interpreterRuntime.cpp, line 371]
Event: 1.198 Thread 0x00000252fbc1b800 Exception <a 'java/lang/ArrayIndexOutOfBoundsException'> (0x000000074d63f2f0) thrown at [C:\jenkins\workspace\8-2-build-windows-amd64-cygwin\jdk8u301\1513\hotspot\src\share\vm\runtime\sharedRuntime.cpp, line 609]
Event: 1.198 Thread 0x00000252fbc1b800 Exception <a 'java/lang/ArrayIndexOutOfBoundsException'> (0x000000074d6406e0) thrown at [C:\jenkins\workspace\8-2-build-windows-amd64-cygwin\jdk8u301\1513\hotspot\src\share\vm\runtime\sharedRuntime.cpp, line 609]
Event: 1.244 Thread 0x00000252fbc1b800 Exception <a 'java/lang/ArrayIndexOutOfBoundsException'> (0x000000074d82a788) thrown at [C:\jenkins\workspace\8-2-build-windows-amd64-cygwin\jdk8u301\1513\hotspot\src\share\vm\runtime\sharedRuntime.cpp, line 609]
Event: 1.244 Thread 0x00000252fbc1b800 Exception <a 'java/lang/ArrayIndexOutOfBoundsException'> (0x000000074d82b5a0) thrown at [C:\jenkins\workspace\8-2-build-windows-amd64-cygwin\jdk8u301\1513\hotspot\src\share\vm\runtime\sharedRuntime.cpp, line 609]
Event: 1.244 Thread 0x00000252fbc1b800 Exception <a 'java/lang/ArrayIndexOutOfBoundsException'> (0x000000074d82ce10) thrown at [C:\jenkins\workspace\8-2-build-windows-amd64-cygwin\jdk8u301\1513\hotspot\src\share\vm\runtime\sharedRuntime.cpp, line 609]
Event: 1.339 Thread 0x00000252fbc1b800 Implicit null exception at 0x00000252e7c43bf5 to 0x00000252e7c43e21
Event: 1.339 Thread 0x00000252fbc1b800 Implicit null exception at 0x00000252e7c046db to 0x00000252e7c04ee9
Event: 1.376 Thread 0x00000252fbc1b800 Exception <a 'java/io/FileNotFoundException'> (0x000000074e03d7a8) thrown at [C:\jenkins\workspace\8-2-build-windows-amd64-cygwin\jdk8u301\1513\hotspot\src\share\vm\prims\jni.cpp, line 710]
Event: 1.390 Thread 0x00000252fbc1b800 Exception <a 'java/io/FileNotFoundException'> (0x000000074e080f18) thrown at [C:\jenkins\workspace\8-2-build-windows-amd64-cygwin\jdk8u301\1513\hotspot\src\share\vm\prims\jni.cpp, line 710]

Events (10 events):
Event: 1.650 loading class com/sun/javafx/sg/prism/NGSVGPath done
Event: 1.650 loading class javafx/scene/shape/SVGPath$1
Event: 1.650 loading class javafx/scene/shape/SVGPath$1 done
Event: 1.653 loading class com/sun/javafx/scene/control/skin/ScrollBarSkin
Event: 1.653 loading class com/sun/javafx/scene/control/skin/ScrollBarSkin done
Event: 1.653 loading class com/sun/javafx/scene/control/skin/ScrollBarSkin$EndButton
Event: 1.653 loading class com/sun/javafx/scene/control/skin/ScrollBarSkin$EndButton done
Event: 1.654 loading class com/sun/javafx/scene/control/behavior/ScrollBarBehavior
Event: 1.654 loading class com/sun/javafx/scene/control/behavior/ScrollBarBehavior done
Event: 1.654 Executing VM operation: CollectForMetadataAllocation


Dynamic libraries:
0x00007ff71bd90000 - 0x00007ff71bdd7000 	C:\Program Files\Java\jdk1.8.0_301\bin\java.exe
0x00007ff94f190000 - 0x00007ff94f3a4000 	C:\WINDOWS\SYSTEM32\ntdll.dll
0x00007ff94e1b0000 - 0x00007ff94e272000 	C:\WINDOWS\System32\KERNEL32.DLL
0x00007ff94ca90000 - 0x00007ff94ce2c000 	C:\WINDOWS\System32\KERNELBASE.dll
0x00007ff94e090000 - 0x00007ff94e13e000 	C:\WINDOWS\System32\ADVAPI32.dll
0x00007ff94e8e0000 - 0x00007ff94e987000 	C:\WINDOWS\System32\msvcrt.dll
0x00007ff94d650000 - 0x00007ff94d6f4000 	C:\WINDOWS\System32\sechost.dll
0x00007ff94d4c0000 - 0x00007ff94d5d7000 	C:\WINDOWS\System32\RPCRT4.dll
0x00007ff94ebc0000 - 0x00007ff94ed6b000 	C:\WINDOWS\System32\USER32.dll
0x00007ff94ca60000 - 0x00007ff94ca86000 	C:\WINDOWS\System32\win32u.dll
0x00007ff94d620000 - 0x00007ff94d649000 	C:\WINDOWS\System32\GDI32.dll
0x00007ff94c5d0000 - 0x00007ff94c6e3000 	C:\WINDOWS\System32\gdi32full.dll
0x00007ff94c950000 - 0x00007ff94c9ea000 	C:\WINDOWS\System32\msvcp_win.dll
0x00007ff94c6f0000 - 0x00007ff94c801000 	C:\WINDOWS\System32\ucrtbase.dll
0x00007ff936800000 - 0x00007ff936a8e000 	C:\WINDOWS\WinSxS\amd64_microsoft.windows.common-controls_6595b64144ccf1df_6.0.22621.608_none_a9444ca7c10bb01d\COMCTL32.dll
0x00007ff94d760000 - 0x00007ff94d791000 	C:\WINDOWS\System32\IMM32.DLL
0x00007ff949620000 - 0x00007ff949635000 	C:\Program Files\Java\jdk1.8.0_301\jre\bin\vcruntime140.dll
0x00007ff936b80000 - 0x00007ff936c1b000 	C:\Program Files\Java\jdk1.8.0_301\jre\bin\msvcp140.dll
0x0000000053af0000 - 0x0000000054350000 	C:\Program Files\Java\jdk1.8.0_301\jre\bin\server\jvm.dll
0x00007ff94e8d0000 - 0x00007ff94e8d8000 	C:\WINDOWS\System32\PSAPI.DLL
0x00007ff92ca00000 - 0x00007ff92ca09000 	C:\WINDOWS\SYSTEM32\WSOCK32.dll
0x00007ff9432d0000 - 0x00007ff9432da000 	C:\WINDOWS\SYSTEM32\VERSION.dll
0x00007ff945c00000 - 0x00007ff945c34000 	C:\WINDOWS\SYSTEM32\WINMM.dll
0x00007ff94e490000 - 0x00007ff94e501000 	C:\WINDOWS\System32\WS2_32.dll
0x00007ff94b620000 - 0x00007ff94b638000 	C:\WINDOWS\SYSTEM32\kernel.appcore.dll
0x00007ff948f10000 - 0x00007ff948f20000 	C:\Program Files\Java\jdk1.8.0_301\jre\bin\verify.dll
0x00007ff93b350000 - 0x00007ff93b37b000 	C:\Program Files\Java\jdk1.8.0_301\jre\bin\java.dll
0x00007ff93b510000 - 0x00007ff93b528000 	C:\Program Files\Java\jdk1.8.0_301\jre\bin\zip.dll
0x00007ff94d8a0000 - 0x00007ff94e090000 	C:\WINDOWS\System32\SHELL32.dll
0x00007ff94a5e0000 - 0x00007ff94aead000 	C:\WINDOWS\SYSTEM32\windows.storage.dll
0x00007ff94edc0000 - 0x00007ff94f149000 	C:\WINDOWS\System32\combase.dll
0x00007ff94a4a0000 - 0x00007ff94a5de000 	C:\WINDOWS\SYSTEM32\wintypes.dll
0x00007ff94d7a0000 - 0x00007ff94d891000 	C:\WINDOWS\System32\SHCORE.dll
0x00007ff94d700000 - 0x00007ff94d75e000 	C:\WINDOWS\System32\shlwapi.dll
0x00007ff94c500000 - 0x00007ff94c521000 	C:\WINDOWS\SYSTEM32\profapi.dll
0x00000252fb8f0000 - 0x00000252fb8f3000 	C:\Program Files\Java\jdk1.8.0_301\jre\bin\api-ms-win-core-console-l1-1-0.dll
0x00000252fb900000 - 0x00000252fb903000 	C:\Program Files\Java\jdk1.8.0_301\jre\bin\api-ms-win-core-console-l1-2-0.dll
0x00000252fb910000 - 0x00000252fb913000 	C:\Program Files\Java\jdk1.8.0_301\jre\bin\api-ms-win-core-datetime-l1-1-0.dll
0x00000252fb920000 - 0x00000252fb923000 	C:\Program Files\Java\jdk1.8.0_301\jre\bin\api-ms-win-core-debug-l1-1-0.dll
0x00000252fb930000 - 0x00000252fb933000 	C:\Program Files\Java\jdk1.8.0_301\jre\bin\api-ms-win-core-errorhandling-l1-1-0.dll
0x00000252fb940000 - 0x00000252fb944000 	C:\Program Files\Java\jdk1.8.0_301\jre\bin\api-ms-win-core-file-l1-1-0.dll
0x00000252fb950000 - 0x00000252fb953000 	C:\Program Files\Java\jdk1.8.0_301\jre\bin\api-ms-win-core-file-l1-2-0.dll
0x00000252fb960000 - 0x00000252fb963000 	C:\Program Files\Java\jdk1.8.0_301\jre\bin\api-ms-win-core-file-l2-1-0.dll
0x00000252fb970000 - 0x00000252fb973000 	C:\Program Files\Java\jdk1.8.0_301\jre\bin\api-ms-win-core-handle-l1-1-0.dll
0x00000252fb980000 - 0x00000252fb983000 	C:\Program Files\Java\jdk1.8.0_301\jre\bin\api-ms-win-core-heap-l1-1-0.dll
0x00000252fb990000 - 0x00000252fb993000 	C:\Program Files\Java\jdk1.8.0_301\jre\bin\api-ms-win-core-interlocked-l1-1-0.dll
0x00000252fb9a0000 - 0x00000252fb9a3000 	C:\Program Files\Java\jdk1.8.0_301\jre\bin\api-ms-win-core-libraryloader-l1-1-0.dll
0x00000252fb9b0000 - 0x00000252fb9b3000 	C:\Program Files\Java\jdk1.8.0_301\jre\bin\api-ms-win-core-localization-l1-2-0.dll
0x00000252fb9c0000 - 0x00000252fb9c3000 	C:\Program Files\Java\jdk1.8.0_301\jre\bin\api-ms-win-core-memory-l1-1-0.dll
0x00000252fb9d0000 - 0x00000252fb9d3000 	C:\Program Files\Java\jdk1.8.0_301\jre\bin\api-ms-win-core-namedpipe-l1-1-0.dll
0x00000252fb9e0000 - 0x00000252fb9e3000 	C:\Program Files\Java\jdk1.8.0_301\jre\bin\api-ms-win-core-processenvironment-l1-1-0.dll
0x00000252fb9f0000 - 0x00000252fb9f3000 	C:\Program Files\Java\jdk1.8.0_301\jre\bin\api-ms-win-core-processthreads-l1-1-0.dll
0x00000252fba00000 - 0x00000252fba03000 	C:\Program Files\Java\jdk1.8.0_301\jre\bin\api-ms-win-core-processthreads-l1-1-1.dll
0x00000252fba10000 - 0x00000252fba13000 	C:\Program Files\Java\jdk1.8.0_301\jre\bin\api-ms-win-core-profile-l1-1-0.dll
0x00000252fba20000 - 0x00000252fba23000 	C:\Program Files\Java\jdk1.8.0_301\jre\bin\api-ms-win-core-rtlsupport-l1-1-0.dll
0x00000252fba30000 - 0x00000252fba33000 	C:\Program Files\Java\jdk1.8.0_301\jre\bin\api-ms-win-core-string-l1-1-0.dll
0x00000252fba40000 - 0x00000252fba43000 	C:\Program Files\Java\jdk1.8.0_301\jre\bin\api-ms-win-core-synch-l1-1-0.dll
0x00000252fba50000 - 0x00000252fba53000 	C:\Program Files\Java\jdk1.8.0_301\jre\bin\api-ms-win-core-synch-l1-2-0.dll
0x00000252fba60000 - 0x00000252fba63000 	C:\Program Files\Java\jdk1.8.0_301\jre\bin\api-ms-win-core-sysinfo-l1-1-0.dll
0x00000252fba70000 - 0x00000252fba73000 	C:\Program Files\Java\jdk1.8.0_301\jre\bin\api-ms-win-core-timezone-l1-1-0.dll
0x00000252fba80000 - 0x00000252fba83000 	C:\Program Files\Java\jdk1.8.0_301\jre\bin\api-ms-win-core-util-l1-1-0.dll
0x00000252fba90000 - 0x00000252fba93000 	C:\Program Files\Java\jdk1.8.0_301\jre\bin\api-ms-win-crt-conio-l1-1-0.dll
0x00000252fbaa0000 - 0x00000252fbaa4000 	C:\Program Files\Java\jdk1.8.0_301\jre\bin\api-ms-win-crt-convert-l1-1-0.dll
0x00000252fbab0000 - 0x00000252fbab3000 	C:\Program Files\Java\jdk1.8.0_301\jre\bin\api-ms-win-crt-environment-l1-1-0.dll
0x00000252fbac0000 - 0x00000252fbac3000 	C:\Program Files\Java\jdk1.8.0_301\jre\bin\api-ms-win-crt-filesystem-l1-1-0.dll
0x00000252fbad0000 - 0x00000252fbad3000 	C:\Program Files\Java\jdk1.8.0_301\jre\bin\api-ms-win-crt-heap-l1-1-0.dll
0x00000252fbae0000 - 0x00000252fbae3000 	C:\Program Files\Java\jdk1.8.0_301\jre\bin\api-ms-win-crt-locale-l1-1-0.dll
0x00000252fbaf0000 - 0x00000252fbaf5000 	C:\Program Files\Java\jdk1.8.0_301\jre\bin\api-ms-win-crt-math-l1-1-0.dll
0x00000252fbb00000 - 0x00000252fbb05000 	C:\Program Files\Java\jdk1.8.0_301\jre\bin\api-ms-win-crt-multibyte-l1-1-0.dll
0x00000252fbb10000 - 0x00000252fbb20000 	C:\Program Files\Java\jdk1.8.0_301\jre\bin\api-ms-win-crt-private-l1-1-0.dll
0x00000252fbb20000 - 0x00000252fbb23000 	C:\Program Files\Java\jdk1.8.0_301\jre\bin\api-ms-win-crt-process-l1-1-0.dll
0x00000252fbb30000 - 0x00000252fbb34000 	C:\Program Files\Java\jdk1.8.0_301\jre\bin\api-ms-win-crt-runtime-l1-1-0.dll
0x00000252fbb40000 - 0x00000252fbb44000 	C:\Program Files\Java\jdk1.8.0_301\jre\bin\api-ms-win-crt-stdio-l1-1-0.dll
0x00000252fbb50000 - 0x00000252fbb54000 	C:\Program Files\Java\jdk1.8.0_301\jre\bin\api-ms-win-crt-string-l1-1-0.dll
0x00000252fbb60000 - 0x00000252fbb63000 	C:\Program Files\Java\jdk1.8.0_301\jre\bin\api-ms-win-crt-time-l1-1-0.dll
0x00000252fbb70000 - 0x00000252fbb73000 	C:\Program Files\Java\jdk1.8.0_301\jre\bin\api-ms-win-crt-utility-l1-1-0.dll
0x00007ff9081a0000 - 0x00007ff90829a000 	C:\Program Files\Java\jdk1.8.0_301\jre\bin\ucrtbase.dll
0x00007ff936b40000 - 0x00007ff936b4c000 	C:\Program Files\Java\jdk1.8.0_301\jre\bin\vcruntime140_1.dll
0x00007ff91ce40000 - 0x00007ff91ce63000 	C:\Program Files\Java\jdk1.8.0_301\jre\bin\prism_d3d.dll
0x00007ff945d30000 - 0x00007ff945ed9000 	C:\WINDOWS\system32\d3d9.dll
0x00007ff949b40000 - 0x00007ff949b6b000 	C:\WINDOWS\SYSTEM32\dwmapi.dll
0x00007ff9499f0000 - 0x00007ff949a26000 	C:\WINDOWS\SYSTEM32\dxcore.dll
0x00007ff9498e0000 - 0x00007ff94998b000 	C:\WINDOWS\system32\uxtheme.dll
0x00007ff9432e0000 - 0x00007ff9434b8000 	C:\WINDOWS\System32\DriverStore\FileRepository\u0356148.inf_amd64_49a476cb3d4116cb\B355990\aticfx64.dll
0x00007ff9347c0000 - 0x00007ff9347f1000 	C:\WINDOWS\System32\DriverStore\FileRepository\u0356148.inf_amd64_49a476cb3d4116cb\B355990\atiu9p64.dll
0x00007ff8fbc50000 - 0x00007ff8fc8ba000 	C:\WINDOWS\System32\DriverStore\FileRepository\u0356148.inf_amd64_49a476cb3d4116cb\B355990\atiumd64.dll
0x00007ff94ea20000 - 0x00007ff94ebbc000 	C:\WINDOWS\System32\ole32.dll
0x00007ff94a0e0000 - 0x00007ff94a30e000 	C:\WINDOWS\SYSTEM32\dbghelp.dll
0x00007ff94e630000 - 0x00007ff94e707000 	C:\WINDOWS\System32\OLEAUT32.dll
0x00007ff92d400000 - 0x00007ff92d432000 	C:\WINDOWS\SYSTEM32\dbgcore.DLL
0x0000000054350000 - 0x00000000550f5000 	C:\WINDOWS\System32\DriverStore\FileRepository\u0356148.inf_amd64_49a476cb3d4116cb\B355990\atiumd6a.dll
0x00007ff94c4a0000 - 0x00007ff94c4ed000 	C:\WINDOWS\SYSTEM32\POWRPROF.dll
0x00007ff94c480000 - 0x00007ff94c493000 	C:\WINDOWS\SYSTEM32\UMPDC.dll
0x00007ff941360000 - 0x00007ff94138e000 	C:\WINDOWS\SYSTEM32\amdihk64.dll
0x00007ff946040000 - 0x00007ff946088000 	C:\WINDOWS\SYSTEM32\directxdatabasehelper.dll
0x00007ff91cae0000 - 0x00007ff91cb22000 	C:\Program Files\Java\jdk1.8.0_301\jre\bin\glass.dll
0x00007ff94e330000 - 0x00007ff94e427000 	C:\WINDOWS\System32\COMDLG32.dll
0x00007ff94e510000 - 0x00007ff94e62e000 	C:\WINDOWS\System32\MSCTF.dll
0x00007ff94c810000 - 0x00007ff94c88b000 	C:\WINDOWS\System32\bcryptPrimitives.dll
0x00007ff93abb0000 - 0x00007ff93abcc000 	C:\Program Files\Java\jdk1.8.0_301\jre\bin\net.dll
0x00007ff94ba90000 - 0x00007ff94baf9000 	C:\WINDOWS\system32\mswsock.dll
0x00007ff94b170000 - 0x00007ff94b263000 	C:\WINDOWS\SYSTEM32\DNSAPI.dll
0x00007ff94b100000 - 0x00007ff94b12d000 	C:\WINDOWS\SYSTEM32\IPHLPAPI.DLL
0x00007ff94e1a0000 - 0x00007ff94e1a9000 	C:\WINDOWS\System32\NSI.dll
0x00007ff932740000 - 0x00007ff93274a000 	C:\Windows\System32\rasadhlp.dll
0x00007ff9446d0000 - 0x00007ff944753000 	C:\WINDOWS\System32\fwpuclnt.dll
0x00007ff936b20000 - 0x00007ff936b34000 	C:\Program Files\Java\jdk1.8.0_301\jre\bin\javafx_font.dll
0x00007ff948210000 - 0x00007ff948477000 	C:\WINDOWS\SYSTEM32\dwrite.dll
0x00007ff908890000 - 0x00007ff90892d000 	C:\Program Files\Java\jdk1.8.0_301\jre\bin\glib-lite.dll
0x00007ff8ff360000 - 0x00007ff8ff44a000 	C:\Program Files\Java\jdk1.8.0_301\jre\bin\gstreamer-lite.dll
0x00007ff8f81d0000 - 0x00007ff8f8272000 	C:\WINDOWS\SYSTEM32\DSOUND.dll
0x00007ff92d940000 - 0x00007ff92d969000 	C:\WINDOWS\SYSTEM32\winmmbase.dll
0x00007ff8f8110000 - 0x00007ff8f81c1000 	C:\WINDOWS\SYSTEM32\ResampleDmo.DLL
0x00007ff936a90000 - 0x00007ff936a9b000 	C:\WINDOWS\SYSTEM32\msdmo.dll
0x00007ff91a230000 - 0x00007ff91a254000 	C:\Program Files\Java\jdk1.8.0_301\jre\bin\jfxmedia.dll
0x00007ff93a450000 - 0x00007ff93a463000 	C:\Program Files\Java\jdk1.8.0_301\jre\bin\nio.dll
0x00007ff94e280000 - 0x00007ff94e330000 	C:\WINDOWS\System32\clbcatq.dll
0x00007ff947f00000 - 0x00007ff9480b0000 	C:\WINDOWS\SYSTEM32\WindowsCodecs.dll
0x00007ff92ed50000 - 0x00007ff92edae000 	C:\WINDOWS\system32\dataexchange.dll
0x00007ff9466f0000 - 0x00007ff94695a000 	C:\WINDOWS\system32\twinapi.appcore.dll
0x00007ff934720000 - 0x00007ff934752000 	C:\Program Files\Common Files\Microsoft Shared\Ink\rtscom.dll
0x00007ff935540000 - 0x00007ff93566e000 	C:\WINDOWS\SYSTEM32\textinputframework.dll
0x00007ff949330000 - 0x00007ff949463000 	C:\WINDOWS\SYSTEM32\CoreMessaging.dll
0x00007ff9453d0000 - 0x00007ff94573c000 	C:\WINDOWS\SYSTEM32\CoreUIComponents.dll
0x00007ff94bd10000 - 0x00007ff94bd1c000 	C:\WINDOWS\SYSTEM32\CRYPTBASE.DLL

VM Arguments:
jvm_args: -Dfile.encoding=UTF-8 
java_command: tn.edu.esprit.tests.MainClass
java_class_path (initial): C:\Program Files\NetBeans 8.2\ide\modules\ext\mysql-connector-java-5.1.23-bin.jar;C:\Users\azizb\Downloads\itextpdf-5.1.0.jar;C:\Users\azizb\Downloads\core-3.5.1.jar;C:\Users\azizb\Downloads\Product\Product\build\classes
Launcher Type: SUN_STANDARD

Environment Variables:
PATH=C:\Program Files (x86)\Common Files\Oracle\Java\javapath;C:\oraclexe\app\oracle\product\11.2.0\server\bin;C:\WINDOWS\system32;C:\WINDOWS;C:\WINDOWS\System32\Wbem;C:\WINDOWS\System32\WindowsPowerShell\v1.0\;C:\WINDOWS\System32\OpenSSH\;C:\Program Files\NVIDIA Corporation\NVIDIA NvDLISR;C:\Program Files (x86)\NVIDIA Corporation\PhysX\Common;C:\ProgramData\ComposerSetup\bin;C:\Program Files\Git\cmd;C:\Users\azizb\scoop\shims;C:\Users\azizb\AppData\Local\Microsoft\WindowsApps;C:\Users\azizb\AppData\Local\Programs\Microsoft VS Code\bin;C:\xampp\php;C:\Users\azizb\AppData\Roaming\Composer\vendor\bin;C:\Users\azizb\AppData\Local\GitHubDesktop\bin
USERNAME=azizbramli
OS=Windows_NT
PROCESSOR_IDENTIFIER=AMD64 Family 23 Model 24 Stepping 1, AuthenticAMD



---------------  S Y S T E M  ---------------

OS: Windows 10.0 , 64 bit Build 22621 (10.0.22621.1485)

CPU:total 8 (initial active 8) (8 cores per cpu, 1 threads per core) family 23 model 24 stepping 1, cmov, cx8, fxsr, mmx, sse, sse2, sse3, ssse3, sse4.1, sse4.2, popcnt, avx, avx2, aes, clmul, mmxext, 3dnowpref, lzcnt, sse4a, tsc, tscinvbit, tscinv, bmi1

Memory: 4k page, physical 22943052k(14450256k free), swap 24384844k(11396720k free)

vm_info: Java HotSpot(TM) 64-Bit Server VM (25.301-b09) for windows-amd64 JRE (1.8.0_301-b09), built on Jun  9 2021 06:46:21 by "java_re" with MS VC++ 15.9 (VS2017)

time: Sun Apr 23 16:56:45 2023
timezone: Afr. centrale Ouest
elapsed time: 1.717170 seconds (0d 0h 0m 1s)

